Flow report for bcd
Thu Mar 23 11:14:56 2017
Quartus II Version 9.0 Build 235 06/17/2009 Service Pack 2 SJ Web Edition


---------------------
; Table of Contents ;
---------------------
  1. Legal Notice
  2. Flow Summary
  3. Flow Settings
  4. Flow Non-Default Global Settings
  5. Flow Elapsed Time
  6. Flow OS Summary
  7. Flow Log



----------------
; Legal Notice ;
----------------
Copyright (C) 1991-2009 Altera Corporation
Your use of Altera Corporation's design tools, logic functions 
and other software and tools, and its AMPP partner logic 
functions, and any output files from any of the foregoing 
(including device programming or simulation files), and any 
associated documentation or information are expressly subject 
to the terms and conditions of the Altera Program License 
Subscription Agreement, Altera MegaCore Function License 
Agreement, or other applicable license agreement, including, 
without limitation, that your use is for the sole purpose of 
programming logic devices manufactured by Altera and sold by 
Altera or its authorized distributors.  Please refer to the 
applicable agreement for further details.



+------------------------------------------------------------------------+
; Flow Summary                                                           ;
+-------------------------+----------------------------------------------+
; Flow Status             ; Successful - Thu Mar 23 11:14:55 2017        ;
; Quartus II Version      ; 9.0 Build 235 06/17/2009 SP 2 SJ Web Edition ;
; Revision Name           ; bcd                                          ;
; Top-level Entity Name   ; bcd                                          ;
; Family                  ; FLEX10K                                      ;
; Device                  ; EPF10K10TC144-4                              ;
; Timing Models           ; Final                                        ;
; Met timing requirements ; Yes                                          ;
; Total logic elements    ; 12 / 576 ( 2 % )                             ;
; Total pins              ; 12 / 102 ( 12 % )                            ;
; Total memory bits       ; 0 / 6,144 ( 0 % )                            ;
+-------------------------+----------------------------------------------+


+-----------------------------------------+
; Flow Settings                           ;
+-------------------+---------------------+
; Option            ; Setting             ;
+-------------------+---------------------+
; Start date & time ; 03/23/2017 11:14:42 ;
; Main task         ; Compilation         ;
; Revision Name     ; bcd                 ;
+-------------------+---------------------+


+------------------------------------------------------------------------------------------------------------------------+
; Flow Non-Default Global Settings                                                                                       ;
+------------------------------------+------------------------------------+---------------+-------------+----------------+
; Assignment Name                    ; Value                              ; Default Value ; Entity Name ; Section Id     ;
+------------------------------------+------------------------------------+---------------+-------------+----------------+
; COMPILER_SIGNATURE_ID              ; 74987110050980.149023888102256     ; --            ; --          ; --             ;
; FITTER_EFFORT                      ; Standard Fit                       ; Auto Fit      ; --          ; --             ;
; MISC_FILE                          ; E:/digita logic design/BCD/bcd.dpf ; --            ; --          ; --             ;
; OPTIMIZE_HOLD_TIMING               ; IO Paths and Minimum TPD Paths     ; --            ; --          ; --             ;
; PARTITION_COLOR                    ; 16764057                           ; --            ; --          ; Top            ;
; PARTITION_NETLIST_TYPE             ; SOURCE                             ; --            ; --          ; Top            ;
; USE_GENERATED_PHYSICAL_CONSTRAINTS ; Off                                ; --            ; --          ; eda_blast_fpga ;
+------------------------------------+------------------------------------+---------------+-------------+----------------+


+-----------------------------------------------------------------------------------------------------------------------------+
; Flow Elapsed Time                                                                                                           ;
+-------------------------+--------------+-------------------------+---------------------+------------------------------------+
; Module Name             ; Elapsed Time ; Average Processors Used ; Peak Virtual Memory ; Total CPU Time (on all processors) ;
+-------------------------+--------------+-------------------------+---------------------+------------------------------------+
; Analysis & Synthesis    ; 00:00:04     ; 1.0                     ; 172 MB              ; 00:00:01                           ;
; Fitter                  ; 00:00:03     ; 1.0                     ; 142 MB              ; 00:00:00                           ;
; Assembler               ; 00:00:02     ; 1.0                     ; 144 MB              ; 00:00:00                           ;
; Classic Timing Analyzer ; 00:00:01     ; 1.0                     ; 116 MB              ; 00:00:00                           ;
; Total                   ; 00:00:10     ; --                      ; --                  ; 00:00:01                           ;
+-------------------------+--------------+-------------------------+---------------------+------------------------------------+


+---------------------------------------------------------------------------------------+
; Flow OS Summary                                                                       ;
+-------------------------+------------------+------------+------------+----------------+
; Module Name             ; Machine Hostname ; OS Name    ; OS Version ; Processor type ;
+-------------------------+------------------+------------+------------+----------------+
; Analysis & Synthesis    ; 2703-54          ; Windows XP ; 5.1        ; i686           ;
; Fitter                  ; 2703-54          ; Windows XP ; 5.1        ; i686           ;
; Assembler               ; 2703-54          ; Windows XP ; 5.1        ; i686           ;
; Classic Timing Analyzer ; 2703-54          ; Windows XP ; 5.1        ; i686           ;
+-------------------------+------------------+------------+------------+----------------+


------------
; Flow Log ;
------------
quartus_map --read_settings_files=on --write_settings_files=off bcd -c bcd
quartus_fit --read_settings_files=off --write_settings_files=off bcd -c bcd
quartus_asm --read_settings_files=off --write_settings_files=off bcd -c bcd
quartus_tan --read_settings_files=off --write_settings_files=off bcd -c bcd



