Classic Timing Analyzer report for comparator
Thu Mar 09 10:45:05 2017
Quartus II Version 9.0 Build 235 06/17/2009 Service Pack 2 SJ Web Edition


---------------------
; Table of Contents ;
---------------------
  1. Legal Notice
  2. Timing Analyzer Summary
  3. Timing Analyzer Settings
  4. Parallel Compilation
  5. tpd
  6. Timing Analyzer Messages



----------------
; Legal Notice ;
----------------
Copyright (C) 1991-2009 Altera Corporation
Your use of Altera Corporation's design tools, logic functions 
and other software and tools, and its AMPP partner logic 
functions, and any output files from any of the foregoing 
(including device programming or simulation files), and any 
associated documentation or information are expressly subject 
to the terms and conditions of the Altera Program License 
Subscription Agreement, Altera MegaCore Function License 
Agreement, or other applicable license agreement, including, 
without limitation, that your use is for the sole purpose of 
programming logic devices manufactured by Altera and sold by 
Altera or its authorized distributors.  Please refer to the 
applicable agreement for further details.



+-------------------------------------------------------------------------------------------------------------------------------+
; Timing Analyzer Summary                                                                                                       ;
+------------------------------+-------+---------------+-------------+------+------------+------------+----------+--------------+
; Type                         ; Slack ; Required Time ; Actual Time ; From ; To         ; From Clock ; To Clock ; Failed Paths ;
+------------------------------+-------+---------------+-------------+------+------------+------------+----------+--------------+
; Worst-case tpd               ; N/A   ; None          ; 21.000 ns   ; b0   ; Outgrather ; --         ; --       ; 0            ;
; Total number of failed paths ;       ;               ;             ;      ;            ;            ;          ; 0            ;
+------------------------------+-------+---------------+-------------+------+------------+------------+----------+--------------+


+--------------------------------------------------------------------------------------------------------------------+
; Timing Analyzer Settings                                                                                           ;
+---------------------------------------------------------------------+--------------------+------+----+-------------+
; Option                                                              ; Setting            ; From ; To ; Entity Name ;
+---------------------------------------------------------------------+--------------------+------+----+-------------+
; Device Name                                                         ; EPF10K10TC144-4    ;      ;    ;             ;
; Timing Models                                                       ; Final              ;      ;    ;             ;
; Default hold multicycle                                             ; Same as Multicycle ;      ;    ;             ;
; Cut paths between unrelated clock domains                           ; On                 ;      ;    ;             ;
; Cut off read during write signal paths                              ; On                 ;      ;    ;             ;
; Cut off feedback from I/O pins                                      ; On                 ;      ;    ;             ;
; Report Combined Fast/Slow Timing                                    ; Off                ;      ;    ;             ;
; Ignore Clock Settings                                               ; Off                ;      ;    ;             ;
; Analyze latches as synchronous elements                             ; On                 ;      ;    ;             ;
; Enable Recovery/Removal analysis                                    ; Off                ;      ;    ;             ;
; Enable Clock Latency                                                ; Off                ;      ;    ;             ;
; Use TimeQuest Timing Analyzer                                       ; Off                ;      ;    ;             ;
; Number of source nodes to report per destination node               ; 10                 ;      ;    ;             ;
; Number of destination nodes to report                               ; 10                 ;      ;    ;             ;
; Number of paths to report                                           ; 200                ;      ;    ;             ;
; Report Minimum Timing Checks                                        ; Off                ;      ;    ;             ;
; Use Fast Timing Models                                              ; Off                ;      ;    ;             ;
; Report IO Paths Separately                                          ; Off                ;      ;    ;             ;
; Perform Multicorner Analysis                                        ; Off                ;      ;    ;             ;
; Reports the worst-case path for each clock domain and analysis      ; Off                ;      ;    ;             ;
; Removes common clock path pessimism (CCPP) during slack computation ; Off                ;      ;    ;             ;
; Output I/O Timing Endpoint                                          ; Near End           ;      ;    ;             ;
+---------------------------------------------------------------------+--------------------+------+----+-------------+


Parallel compilation was disabled, but you have multiple processors available. Enable parallel compilation to reduce compilation time.
+-------------------------------------+
; Parallel Compilation                ;
+----------------------------+--------+
; Processors                 ; Number ;
+----------------------------+--------+
; Number detected on machine ; 4      ;
; Maximum allowed            ; 1      ;
+----------------------------+--------+


+-----------------------------------------------------------------+
; tpd                                                             ;
+-------+-------------------+-----------------+------+------------+
; Slack ; Required P2P Time ; Actual P2P Time ; From ; To         ;
+-------+-------------------+-----------------+------+------------+
; N/A   ; None              ; 21.000 ns       ; b0   ; Outgrather ;
; N/A   ; None              ; 20.900 ns       ; b1   ; Outless    ;
; N/A   ; None              ; 20.900 ns       ; b0   ; Outless    ;
; N/A   ; None              ; 20.800 ns       ; b2   ; Outequal   ;
; N/A   ; None              ; 20.600 ns       ; a0   ; Outgrather ;
; N/A   ; None              ; 20.600 ns       ; a1   ; Outgrather ;
; N/A   ; None              ; 20.500 ns       ; b1   ; Outgrather ;
; N/A   ; None              ; 20.500 ns       ; a0   ; Outless    ;
; N/A   ; None              ; 20.400 ns       ; a2   ; Outequal   ;
; N/A   ; None              ; 20.400 ns       ; a3   ; Outequal   ;
; N/A   ; None              ; 20.300 ns       ; b3   ; Outequal   ;
; N/A   ; None              ; 20.000 ns       ; a1   ; Outless    ;
; N/A   ; None              ; 19.300 ns       ; b2   ; Outgrather ;
; N/A   ; None              ; 19.300 ns       ; b3   ; Outless    ;
; N/A   ; None              ; 19.300 ns       ; b2   ; Outless    ;
; N/A   ; None              ; 19.100 ns       ; a1   ; Outequal   ;
; N/A   ; None              ; 19.000 ns       ; b1   ; Outequal   ;
; N/A   ; None              ; 18.900 ns       ; a2   ; Outgrather ;
; N/A   ; None              ; 18.900 ns       ; a3   ; Outgrather ;
; N/A   ; None              ; 18.900 ns       ; a2   ; Outless    ;
; N/A   ; None              ; 18.800 ns       ; b3   ; Outgrather ;
; N/A   ; None              ; 18.400 ns       ; a3   ; Outless    ;
; N/A   ; None              ; 16.600 ns       ; b0   ; Outequal   ;
; N/A   ; None              ; 16.200 ns       ; a0   ; Outequal   ;
+-------+-------------------+-----------------+------+------------+


+--------------------------+
; Timing Analyzer Messages ;
+--------------------------+
Info: *******************************************************************
Info: Running Quartus II Classic Timing Analyzer
    Info: Version 9.0 Build 235 06/17/2009 Service Pack 2 SJ Web Edition
    Info: Processing started: Thu Mar 09 10:45:04 2017
Info: Command: quartus_tan --read_settings_files=off --write_settings_files=off comparator -c comparator
Info: Started post-fitting delay annotation
Info: Delay annotation completed successfully
Info: Longest tpd from source pin "b0" to destination pin "Outgrather" is 21.000 ns
    Info: 1: + IC(0.000 ns) + CELL(3.500 ns) = 3.500 ns; Loc. = PIN_63; Fanout = 3; PIN Node = 'b0'
    Info: 2: + IC(4.100 ns) + CELL(2.300 ns) = 9.900 ns; Loc. = LC2_A21; Fanout = 1; COMB Node = 'comparator:inst3|inst7~1'
    Info: 3: + IC(2.600 ns) + CELL(1.800 ns) = 14.300 ns; Loc. = LC2_A15; Fanout = 1; COMB Node = 'comparator:inst3|inst7~2'
    Info: 4: + IC(1.600 ns) + CELL(5.100 ns) = 21.000 ns; Loc. = PIN_8; Fanout = 0; PIN Node = 'Outgrather'
    Info: Total cell delay = 12.700 ns ( 60.48 % )
    Info: Total interconnect delay = 8.300 ns ( 39.52 % )
Info: Quartus II Classic Timing Analyzer was successful. 0 errors, 0 warnings
    Info: Peak virtual memory: 128 megabytes
    Info: Processing ended: Thu Mar 09 10:45:05 2017
    Info: Elapsed time: 00:00:01
    Info: Total CPU time (on all processors): 00:00:00


