Fitter report for full_adder
Thu Mar 09 10:49:50 2017
Quartus II Version 9.0 Build 235 06/17/2009 Service Pack 2 SJ Web Edition


---------------------
; Table of Contents ;
---------------------
  1. Legal Notice
  2. Fitter Summary
  3. Fitter Settings
  4. Parallel Compilation
  5. Fitter Device Options
  6. Input Pins
  7. Output Pins
  8. All Package Pins
  9. Non-Global High Fan-Out Signals
 10. LAB
 11. Local Routing Interconnect
 12. LAB External Interconnect
 13. Row Interconnect
 14. LAB Column Interconnect
 15. LAB Column Interconnect
 16. Fitter Resource Usage Summary
 17. Fitter Resource Utilization by Entity
 18. Delay Chain Summary
 19. Pin-Out File
 20. Fitter Messages



----------------
; Legal Notice ;
----------------
Copyright (C) 1991-2009 Altera Corporation
Your use of Altera Corporation's design tools, logic functions 
and other software and tools, and its AMPP partner logic 
functions, and any output files from any of the foregoing 
(including device programming or simulation files), and any 
associated documentation or information are expressly subject 
to the terms and conditions of the Altera Program License 
Subscription Agreement, Altera MegaCore Function License 
Agreement, or other applicable license agreement, including, 
without limitation, that your use is for the sole purpose of 
programming logic devices manufactured by Altera and sold by 
Altera or its authorized distributors.  Please refer to the 
applicable agreement for further details.



+----------------------------------------------------------------------+
; Fitter Summary                                                       ;
+-----------------------+----------------------------------------------+
; Fitter Status         ; Successful - Thu Mar 09 10:49:50 2017        ;
; Quartus II Version    ; 9.0 Build 235 06/17/2009 SP 2 SJ Web Edition ;
; Revision Name         ; full_adder                                   ;
; Top-level Entity Name ; 4bitfulladder                                ;
; Family                ; FLEX10K                                      ;
; Device                ; EPF10K10TC144-4                              ;
; Timing Models         ; Final                                        ;
; Total logic elements  ; 7 / 576 ( 1 % )                              ;
; Total pins            ; 14 / 102 ( 14 % )                            ;
; Total memory bits     ; 0 / 6,144 ( 0 % )                            ;
+-----------------------+----------------------------------------------+


+------------------------------------------------------------------------------------------------------+
; Fitter Settings                                                                                      ;
+------------------------------------------------------------+--------------------+--------------------+
; Option                                                     ; Setting            ; Default Value      ;
+------------------------------------------------------------+--------------------+--------------------+
; Device                                                     ; EPF10K10TC144-4    ;                    ;
; Fitter Effort                                              ; Standard Fit       ; Auto Fit           ;
; Use smart compilation                                      ; Off                ; Off                ;
; Use TimeQuest Timing Analyzer                              ; Off                ; Off                ;
; Router Timing Optimization Level                           ; Normal             ; Normal             ;
; Placement Effort Multiplier                                ; 1.0                ; 1.0                ;
; Router Effort Multiplier                                   ; 1.0                ; 1.0                ;
; Optimize Timing                                            ; Normal compilation ; Normal compilation ;
; Optimize Timing for ECOs                                   ; Off                ; Off                ;
; Regenerate full fit report during ECO compiles             ; Off                ; Off                ;
; Optimize IOC Register Placement for Timing                 ; On                 ; On                 ;
; Limit to One Fitting Attempt                               ; Off                ; Off                ;
; Final Placement Optimizations                              ; Automatically      ; Automatically      ;
; Fitter Aggressive Routability Optimizations                ; Automatically      ; Automatically      ;
; Fitter Initial Placement Seed                              ; 1                  ; 1                  ;
; Slow Slew Rate                                             ; Off                ; Off                ;
; Auto Global Memory Control Signals                         ; Off                ; Off                ;
; Logic Cell Insertion - Individual Logic Cells              ; On                 ; On                 ;
; Logic Cell Insertion - I/Os Fed By Carry or Cascade Chains ; On                 ; On                 ;
; Auto Global Clock                                          ; On                 ; On                 ;
; Auto Global Output Enable                                  ; On                 ; On                 ;
; Auto Global Register Control Signals                       ; On                 ; On                 ;
; Force Fitter to Avoid Periphery Placement Warnings         ; Off                ; Off                ;
+------------------------------------------------------------+--------------------+--------------------+


Parallel compilation was disabled, but you have multiple processors available. Enable parallel compilation to reduce compilation time.
+-------------------------------------+
; Parallel Compilation                ;
+----------------------------+--------+
; Processors                 ; Number ;
+----------------------------+--------+
; Number detected on machine ; 4      ;
; Maximum allowed            ; 1      ;
+----------------------------+--------+


+-------------------------------------------------------------------------+
; Fitter Device Options                                                   ;
+----------------------------------------------+--------------------------+
; Option                                       ; Setting                  ;
+----------------------------------------------+--------------------------+
; Enable user-supplied start-up clock (CLKUSR) ; Off                      ;
; Enable device-wide reset (DEV_CLRn)          ; Off                      ;
; Enable device-wide output enable (DEV_OE)    ; Off                      ;
; Enable INIT_DONE output                      ; Off                      ;
; Configuration scheme                         ; Passive Serial           ;
; nWS, nRS, nCS, CS                            ; Unreserved               ;
; RDYnBUSY                                     ; Unreserved               ;
; Data[7..1]                                   ; Unreserved               ;
; Reserve all unused pins                      ; As output driving ground ;
; Base pin-out file on sameframe device        ; Off                      ;
+----------------------------------------------+--------------------------+


+--------------------------------------------------------------------------------------------------------------------------------------+
; Input Pins                                                                                                                           ;
+------+-------+-----+------+---------+--------+--------------+-------------------------+---------------+---------------+--------------+
; Name ; Pin # ; Row ; Col. ; Fan-Out ; Global ; I/O Register ; Use Local Routing Input ; Power Up High ; Single-Pin CE ; I/O Standard ;
+------+-------+-----+------+---------+--------+--------------+-------------------------+---------------+---------------+--------------+
; X[0] ; 51    ; --  ; 13   ; 3       ; no     ; no           ; no                      ; no            ; no            ; TTL          ;
; Y[0] ; 63    ; --  ; 11   ; 3       ; no     ; no           ; no                      ; no            ; no            ; TTL          ;
; Y[1] ; 62    ; --  ; 11   ; 2       ; no     ; no           ; no                      ; no            ; no            ; TTL          ;
; X[1] ; 49    ; --  ; 14   ; 2       ; no     ; no           ; no                      ; no            ; no            ; TTL          ;
; Y[2] ; 60    ; --  ; 12   ; 2       ; no     ; no           ; no                      ; no            ; no            ; TTL          ;
; X[2] ; 48    ; --  ; 15   ; 2       ; no     ; no           ; no                      ; no            ; no            ; TTL          ;
; Y[3] ; 59    ; --  ; 12   ; 2       ; no     ; no           ; no                      ; no            ; no            ; TTL          ;
; X[3] ; 47    ; --  ; 16   ; 2       ; no     ; no           ; no                      ; no            ; no            ; TTL          ;
+------+-------+-----+------+---------+--------+--------------+-------------------------+---------------+---------------+--------------+


+----------------------------------------------------------------------------------------------------------------------------------------------------------------------------------+
; Output Pins                                                                                                                                                                      ;
+------+-------+-----+------+--------------+--------------------------+---------------+----------------+---------------+---------------+------------+---------------+--------------+
; Name ; Pin # ; Row ; Col. ; I/O Register ; Use Local Routing Output ; Power Up High ; Slow Slew Rate ; Single-Pin OE ; Single-Pin CE ; Open Drain ; TRI Primitive ; I/O Standard ;
+------+-------+-----+------+--------------+--------------------------+---------------+----------------+---------------+---------------+------------+---------------+--------------+
; O1   ; 8     ;  A  ; --   ; no           ; no                       ; no            ; no             ; no            ; no            ; no         ; no            ; TTL          ;
; O2   ; 9     ;  A  ; --   ; no           ; no                       ; no            ; no             ; no            ; no            ; no         ; no            ; TTL          ;
; O3   ; 10    ;  A  ; --   ; no           ; no                       ; no            ; no             ; no            ; no            ; no         ; no            ; TTL          ;
; O4   ; 11    ;  A  ; --   ; no           ; no                       ; no            ; no             ; no            ; no            ; no         ; no            ; TTL          ;
; Cout ; 7     ;  A  ; --   ; no           ; no                       ; no            ; no             ; no            ; no            ; no         ; no            ; TTL          ;
; GND  ; 141   ; --  ; 22   ; no           ; no                       ; no            ; no             ; no            ; no            ; no         ; no            ; TTL          ;
+------+-------+-----+------+--------------+--------------------------+---------------+----------------+---------------+---------------+------------+---------------+--------------+


+-----------------------------------+
; All Package Pins                  ;
+-------+------------+--------------+
; Pin # ; Usage      ; I/O Standard ;
+-------+------------+--------------+
; 1     ; #TCK       ;              ;
; 2     ; ^CONF_DONE ;              ;
; 3     ; ^nCEO      ;              ;
; 4     ; #TDO       ;              ;
; 5     ; VCC_IO     ;              ;
; 6     ; VCC_INT    ;              ;
; 7     ; Cout       ; TTL          ;
; 8     ; O1         ; TTL          ;
; 9     ; O2         ; TTL          ;
; 10    ; O3         ; TTL          ;
; 11    ; O4         ; TTL          ;
; 12    ; GND*       ;              ;
; 13    ; GND*       ;              ;
; 14    ; GND*       ;              ;
; 15    ; GND_IO     ;              ;
; 16    ; GND_INT    ;              ;
; 17    ; GND*       ;              ;
; 18    ; GND*       ;              ;
; 19    ; GND*       ;              ;
; 20    ; GND*       ;              ;
; 21    ; GND*       ;              ;
; 22    ; GND*       ;              ;
; 23    ; GND*       ;              ;
; 24    ; VCC_IO     ;              ;
; 25    ; VCC_INT    ;              ;
; 26    ; GND*       ;              ;
; 27    ; GND*       ;              ;
; 28    ; GND*       ;              ;
; 29    ; GND*       ;              ;
; 30    ; GND*       ;              ;
; 31    ; GND*       ;              ;
; 32    ; GND*       ;              ;
; 33    ; GND*       ;              ;
; 34    ; #TMS       ;              ;
; 35    ; ^nSTATUS   ;              ;
; 36    ; GND*       ;              ;
; 37    ; GND*       ;              ;
; 38    ; GND*       ;              ;
; 39    ; GND*       ;              ;
; 40    ; GND_IO     ;              ;
; 41    ; GND*       ;              ;
; 42    ; GND*       ;              ;
; 43    ; GND*       ;              ;
; 44    ; GND*       ;              ;
; 45    ; VCC_IO     ;              ;
; 46    ; GND*       ;              ;
; 47    ; X[3]       ; TTL          ;
; 48    ; X[2]       ; TTL          ;
; 49    ; X[1]       ; TTL          ;
; 50    ; GND_IO     ;              ;
; 51    ; X[0]       ; TTL          ;
; 52    ; VCC_INT    ;              ;
; 53    ; VCC_INT    ;              ;
; 54    ; GND+       ;              ;
; 55    ; GND+       ;              ;
; 56    ; GND+       ;              ;
; 57    ; GND_INT    ;              ;
; 58    ; GND_INT    ;              ;
; 59    ; Y[3]       ; TTL          ;
; 60    ; Y[2]       ; TTL          ;
; 61    ; VCC_IO     ;              ;
; 62    ; Y[1]       ; TTL          ;
; 63    ; Y[0]       ; TTL          ;
; 64    ; GND*       ;              ;
; 65    ; GND*       ;              ;
; 66    ; GND_IO     ;              ;
; 67    ; GND*       ;              ;
; 68    ; GND*       ;              ;
; 69    ; GND*       ;              ;
; 70    ; GND*       ;              ;
; 71    ; VCC_IO     ;              ;
; 72    ; GND*       ;              ;
; 73    ; GND*       ;              ;
; 74    ; ^nCONFIG   ;              ;
; 75    ; VCC_INT    ;              ;
; 76    ; ^MSEL1     ;              ;
; 77    ; ^MSEL0     ;              ;
; 78    ; GND*       ;              ;
; 79    ; GND*       ;              ;
; 80    ; GND*       ;              ;
; 81    ; GND*       ;              ;
; 82    ; GND*       ;              ;
; 83    ; GND*       ;              ;
; 84    ; GND_INT    ;              ;
; 85    ; GND_IO     ;              ;
; 86    ; GND*       ;              ;
; 87    ; GND*       ;              ;
; 88    ; GND*       ;              ;
; 89    ; GND*       ;              ;
; 90    ; GND*       ;              ;
; 91    ; GND*       ;              ;
; 92    ; GND*       ;              ;
; 93    ; VCC_INT    ;              ;
; 94    ; VCC_IO     ;              ;
; 95    ; GND*       ;              ;
; 96    ; GND*       ;              ;
; 97    ; GND*       ;              ;
; 98    ; GND*       ;              ;
; 99    ; GND*       ;              ;
; 100   ; GND*       ;              ;
; 101   ; GND*       ;              ;
; 102   ; GND*       ;              ;
; 103   ; GND_INT    ;              ;
; 104   ; GND_IO     ;              ;
; 105   ; #TDI       ;              ;
; 106   ; ^nCE       ;              ;
; 107   ; ^DCLK      ;              ;
; 108   ; ^DATA0     ;              ;
; 109   ; GND*       ;              ;
; 110   ; GND*       ;              ;
; 111   ; GND*       ;              ;
; 112   ; GND*       ;              ;
; 113   ; GND*       ;              ;
; 114   ; GND*       ;              ;
; 115   ; VCC_IO     ;              ;
; 116   ; GND*       ;              ;
; 117   ; GND*       ;              ;
; 118   ; GND*       ;              ;
; 119   ; GND*       ;              ;
; 120   ; GND*       ;              ;
; 121   ; GND*       ;              ;
; 122   ; GND*       ;              ;
; 123   ; VCC_INT    ;              ;
; 124   ; GND+       ;              ;
; 125   ; GND+       ;              ;
; 126   ; GND+       ;              ;
; 127   ; GND_INT    ;              ;
; 128   ; GND*       ;              ;
; 129   ; GND_IO     ;              ;
; 130   ; GND*       ;              ;
; 131   ; GND*       ;              ;
; 132   ; GND*       ;              ;
; 133   ; GND*       ;              ;
; 134   ; VCC_IO     ;              ;
; 135   ; GND*       ;              ;
; 136   ; GND*       ;              ;
; 137   ; GND*       ;              ;
; 138   ; GND*       ;              ;
; 139   ; GND_IO     ;              ;
; 140   ; GND*       ;              ;
; 141   ; GND        ; TTL          ;
; 142   ; GND*       ;              ;
; 143   ; GND*       ;              ;
; 144   ; GND*       ;              ;
+-------+------------+--------------+


+------------------------------------+
; Non-Global High Fan-Out Signals    ;
+--------------------------+---------+
; Name                     ; Fan-Out ;
+--------------------------+---------+
; X[0]                     ; 3       ;
; Y[0]                     ; 3       ;
; full_adder:inst1|inst~1  ; 2       ;
; Y[3]                     ; 2       ;
; full_adder:inst2|inst~1  ; 2       ;
; X[2]                     ; 2       ;
; X[3]                     ; 2       ;
; X[1]                     ; 2       ;
; Y[2]                     ; 2       ;
; Y[1]                     ; 2       ;
; full_adder:inst|inst7~0  ; 1       ;
; full_adder:inst2|inst8~0 ; 1       ;
; full_adder:inst3|inst~1  ; 1       ;
; full_adder:inst1|inst8~1 ; 1       ;
; full_adder:inst3|inst8~0 ; 1       ;
+--------------------------+---------+


+-------------------------------------------+
; LAB                                       ;
+--------------------------+----------------+
; Number of Logic Elements ; Number of LABs ;
+--------------------------+----------------+
; 0                        ; 71             ;
; 1                        ; 0              ;
; 2                        ; 0              ;
; 3                        ; 0              ;
; 4                        ; 0              ;
; 5                        ; 0              ;
; 6                        ; 0              ;
; 7                        ; 1              ;
+--------------------------+----------------+


+----------------------------------------------+
; Local Routing Interconnect                   ;
+-----------------------------+----------------+
; Local Routing Interconnects ; Number of LABs ;
+-----------------------------+----------------+
; 0                           ; 71             ;
; 1                           ; 0              ;
; 2                           ; 1              ;
+-----------------------------+----------------+


+---------------------------------------------+
; LAB External Interconnect                   ;
+----------------------------+----------------+
; LAB External Interconnects ; Number of LABs ;
+----------------------------+----------------+
; 0                          ; 71             ;
; 1                          ; 0              ;
; 2                          ; 0              ;
; 3                          ; 0              ;
; 4                          ; 0              ;
; 5                          ; 0              ;
; 6                          ; 0              ;
; 7                          ; 0              ;
; 8                          ; 1              ;
+----------------------------+----------------+


+----------------------------------------------------------------------------------------+
; Row Interconnect                                                                       ;
+-------+-------------------+-----------------------------+------------------------------+
; Row   ; Interconnect Used ; Left Half Interconnect Used ; Right Half Interconnect Used ;
+-------+-------------------+-----------------------------+------------------------------+
;  A    ;  4 / 96 ( 4 % )   ;  0 / 48 ( 0 % )             ;  9 / 48 ( 19 % )             ;
;  B    ;  0 / 96 ( 0 % )   ;  0 / 48 ( 0 % )             ;  0 / 48 ( 0 % )              ;
;  C    ;  0 / 96 ( 0 % )   ;  0 / 48 ( 0 % )             ;  0 / 48 ( 0 % )              ;
; Total ;  4 / 288 ( 1 % )  ;  0 / 144 ( 0 % )            ;  9 / 144 ( 6 % )             ;
+-------+-------------------+-----------------------------+------------------------------+


+---------------------------+
; LAB Column Interconnect   ;
+-------+-------------------+
; Col.  ; Interconnect Used ;
+-------+-------------------+
; 1     ;  0 / 24 ( 0 % )   ;
; 2     ;  0 / 24 ( 0 % )   ;
; 3     ;  0 / 24 ( 0 % )   ;
; 4     ;  0 / 24 ( 0 % )   ;
; 5     ;  0 / 24 ( 0 % )   ;
; 6     ;  0 / 24 ( 0 % )   ;
; 7     ;  0 / 24 ( 0 % )   ;
; 8     ;  0 / 24 ( 0 % )   ;
; 9     ;  0 / 24 ( 0 % )   ;
; 10    ;  0 / 24 ( 0 % )   ;
; 11    ;  2 / 24 ( 8 % )   ;
; 12    ;  2 / 24 ( 8 % )   ;
; 13    ;  1 / 24 ( 4 % )   ;
; 14    ;  1 / 24 ( 4 % )   ;
; 15    ;  1 / 24 ( 4 % )   ;
; 16    ;  1 / 24 ( 4 % )   ;
; 17    ;  0 / 24 ( 0 % )   ;
; 18    ;  0 / 24 ( 0 % )   ;
; 19    ;  0 / 24 ( 0 % )   ;
; 20    ;  0 / 24 ( 0 % )   ;
; 21    ;  0 / 24 ( 0 % )   ;
; 22    ;  0 / 24 ( 0 % )   ;
; 23    ;  0 / 24 ( 0 % )   ;
; 24    ;  0 / 24 ( 0 % )   ;
; Total ;  8 / 576 ( 1 % )  ;
+-------+-------------------+


+---------------------------+
; LAB Column Interconnect   ;
+-------+-------------------+
; Col.  ; Interconnect Used ;
+-------+-------------------+
; 1     ;  0 / 24 ( 0 % )   ;
; Total ;  0 / 24 ( 0 % )   ;
+-------+-------------------+


+-------------------------------------------------------+
; Fitter Resource Usage Summary                         ;
+-----------------------------------+-------------------+
; Resource                          ; Usage             ;
+-----------------------------------+-------------------+
; Total logic elements              ; 7 / 576 ( 1 % )   ;
; Registers                         ; 0 / 576 ( 0 % )   ;
; Logic elements in carry chains    ; 0                 ;
; User inserted logic elements      ; 0                 ;
; I/O pins                          ; 14 / 102 ( 14 % ) ;
;     -- Clock pins                 ; 1 / 2 ( 50 % )    ;
;     -- Dedicated input pins       ; 4 / 4 ( 100 % )   ;
; Global signals                    ; 0                 ;
; EABs                              ; 0 / 3 ( 0 % )     ;
; Total memory bits                 ; 0 / 6,144 ( 0 % ) ;
; Total RAM block bits              ; 0 / 6,144 ( 0 % ) ;
; Maximum fan-out node              ; X[0]              ;
; Maximum fan-out                   ; 3                 ;
; Highest non-global fan-out signal ; X[0]              ;
; Highest non-global fan-out        ; 3                 ;
; Total fan-out                     ; 27                ;
; Average fan-out                   ; 1.29              ;
+-----------------------------------+-------------------+


+--------------------------------------------------------------------------------------------------------------------------------------------------------------------------------------------------------------------+
; Fitter Resource Utilization by Entity                                                                                                                                                                              ;
+----------------------------+-------------+--------------+-------------+------+--------------+-------------------+------------------+-----------------+------------+---------------------------------+--------------+
; Compilation Hierarchy Node ; Logic Cells ; LC Registers ; Memory Bits ; Pins ; LUT-Only LCs ; Register-Only LCs ; LUT/Register LCs ; Carry Chain LCs ; Packed LCs ; Full Hierarchy Name             ; Library Name ;
+----------------------------+-------------+--------------+-------------+------+--------------+-------------------+------------------+-----------------+------------+---------------------------------+--------------+
; |4bitfulladder             ; 7 (0)       ; 0            ; 0           ; 14   ; 7 (0)        ; 0 (0)             ; 0 (0)            ; 0 (0)           ; 0 (0)      ; |4bitfulladder                  ; work         ;
;    |full_adder:inst1|      ; 2 (2)       ; 0            ; 0           ; 0    ; 2 (2)        ; 0 (0)             ; 0 (0)            ; 0 (0)           ; 0 (0)      ; |4bitfulladder|full_adder:inst1 ; work         ;
;    |full_adder:inst2|      ; 2 (2)       ; 0            ; 0           ; 0    ; 2 (2)        ; 0 (0)             ; 0 (0)            ; 0 (0)           ; 0 (0)      ; |4bitfulladder|full_adder:inst2 ; work         ;
;    |full_adder:inst3|      ; 2 (2)       ; 0            ; 0           ; 0    ; 2 (2)        ; 0 (0)             ; 0 (0)            ; 0 (0)           ; 0 (0)      ; |4bitfulladder|full_adder:inst3 ; work         ;
;    |full_adder:inst|       ; 1 (1)       ; 0            ; 0           ; 0    ; 1 (1)        ; 0 (0)             ; 0 (0)            ; 0 (0)           ; 0 (0)      ; |4bitfulladder|full_adder:inst  ; work         ;
+----------------------------+-------------+--------------+-------------+------+--------------+-------------------+------------------+-----------------+------------+---------------------------------+--------------+
Note: For table entries with two numbers listed, the numbers in parentheses indicate the number of resources of the given type used by the specific entity alone. The numbers listed outside of parentheses indicate the total resources of the given type used by the specific entity and all of its sub-entities in the hierarchy.


+-------------------------------+
; Delay Chain Summary           ;
+------+----------+-------------+
; Name ; Pin Type ; Pad to Core ;
+------+----------+-------------+
; X[0] ; Input    ; OFF         ;
; Y[0] ; Input    ; OFF         ;
; Y[1] ; Input    ; OFF         ;
; X[1] ; Input    ; OFF         ;
; Y[2] ; Input    ; OFF         ;
; X[2] ; Input    ; OFF         ;
; Y[3] ; Input    ; OFF         ;
; X[3] ; Input    ; OFF         ;
; O1   ; Output   ; OFF         ;
; O2   ; Output   ; OFF         ;
; O3   ; Output   ; OFF         ;
; O4   ; Output   ; OFF         ;
; Cout ; Output   ; OFF         ;
; GND  ; Output   ; OFF         ;
+------+----------+-------------+


+--------------+
; Pin-Out File ;
+--------------+
The pin-out file can be found in C:/Documents and Settings/User/орн▒/Digital logic design/full_adder.pin.


+-----------------+
; Fitter Messages ;
+-----------------+
Info: *******************************************************************
Info: Running Quartus II Fitter
    Info: Version 9.0 Build 235 06/17/2009 Service Pack 2 SJ Web Edition
    Info: Processing started: Thu Mar 09 10:49:50 2017
Info: Command: quartus_fit --read_settings_files=off --write_settings_files=off full_adder -c full_adder
Info: Selected device EPF10K10TC144-4 for design "full_adder"
Warning: Feature SignalProbe is not available with your current license
Info: Fitter is using the Classic Timing Analyzer
Info: Timing requirements not specified -- optimizing circuit to achieve the following default global requirements
    Info: Assuming a global fmax requirement of 1000 MHz
    Info: Not setting a global tsu requirement
    Info: Not setting a global tco requirement
    Info: Not setting a global tpd requirement
Info: Inserted 0 logic cells in first fitting attempt
Warning: Ignored locations or region assignments to the following nodes
    Warning: Node "Cin" is assigned to location or region, but does not exist in design
Info: Started fitting attempt 1 on Thu Mar 09 2017 at 10:49:50
Info: Fitter placement preparation operations beginning
Info: Fitter placement preparation operations ending: elapsed time is 00:00:00
Info: Fitter placement operations beginning
Info: Fitter placement operations ending: elapsed time is 00:00:00
Info: Fitter routing operations beginning
Info: Fitter routing operations ending: elapsed time is 00:00:00
Info: Quartus II Fitter was successful. 0 errors, 3 warnings
    Info: Peak virtual memory: 164 megabytes
    Info: Processing ended: Thu Mar 09 10:49:50 2017
    Info: Elapsed time: 00:00:00
    Info: Total CPU time (on all processors): 00:00:01


